2023-01-24 10:16:13.614  INFO 1268 --- [restartedMain] c.allstate.payments.PaymentsApplication  : Starting PaymentsApplication using Java 11.0.8 on EC2AMAZ-8RI616P with PID 1268 (C:\workspace\payments\target\classes started by Administrator in C:\workspace\payments)
2023-01-24 10:16:13.690  INFO 1268 --- [restartedMain] c.allstate.payments.PaymentsApplication  : No active profile set, falling back to 1 default profile: "default"
2023-01-24 10:16:13.892  INFO 1268 --- [restartedMain] .e.DevToolsPropertyDefaultsPostProcessor : Devtools property defaults active! Set 'spring.devtools.add-properties' to 'false' to disable
2023-01-24 10:16:13.893  INFO 1268 --- [restartedMain] .e.DevToolsPropertyDefaultsPostProcessor : For additional web related logging consider setting the 'logging.level.web' property to 'DEBUG'
2023-01-24 10:16:16.235  INFO 1268 --- [restartedMain] .s.d.r.c.RepositoryConfigurationDelegate : Bootstrapping Spring Data JPA repositories in DEFAULT mode.
2023-01-24 10:16:16.409  INFO 1268 --- [restartedMain] .s.d.r.c.RepositoryConfigurationDelegate : Finished Spring Data repository scanning in 130 ms. Found 2 JPA repository interfaces.
2023-01-24 10:16:18.361  INFO 1268 --- [restartedMain] o.s.b.w.embedded.tomcat.TomcatWebServer  : Tomcat initialized with port(s): 8080 (http)
2023-01-24 10:16:18.387  INFO 1268 --- [restartedMain] o.apache.catalina.core.StandardService   : Starting service [Tomcat]
2023-01-24 10:16:18.398  INFO 1268 --- [restartedMain] org.apache.catalina.core.StandardEngine  : Starting Servlet engine: [Apache Tomcat/9.0.70]
2023-01-24 10:16:18.697  INFO 1268 --- [restartedMain] o.a.c.c.C.[Tomcat].[localhost].[/]       : Initializing Spring embedded WebApplicationContext
2023-01-24 10:16:18.697  INFO 1268 --- [restartedMain] w.s.c.ServletWebServerApplicationContext : Root WebApplicationContext: initialization completed in 4801 ms
2023-01-24 10:16:19.255  INFO 1268 --- [restartedMain] o.hibernate.jpa.internal.util.LogHelper  : HHH000204: Processing PersistenceUnitInfo [name: default]
2023-01-24 10:16:19.402  INFO 1268 --- [restartedMain] org.hibernate.Version                    : HHH000412: Hibernate ORM core version 5.6.14.Final
2023-01-24 10:16:19.827  INFO 1268 --- [restartedMain] o.hibernate.annotations.common.Version   : HCANN000001: Hibernate Commons Annotations {5.1.2.Final}
2023-01-24 10:16:20.076  INFO 1268 --- [restartedMain] com.zaxxer.hikari.HikariDataSource       : HikariPool-1 - Starting...
2023-01-24 10:16:21.035  INFO 1268 --- [restartedMain] com.zaxxer.hikari.HikariDataSource       : HikariPool-1 - Start completed.
2023-01-24 10:16:21.132  INFO 1268 --- [restartedMain] org.hibernate.dialect.Dialect            : HHH000400: Using dialect: org.hibernate.dialect.MySQL8Dialect
2023-01-24 10:16:23.212  INFO 1268 --- [restartedMain] o.h.e.t.j.p.i.JtaPlatformInitiator       : HHH000490: Using JtaPlatform implementation: [org.hibernate.engine.transaction.jta.platform.internal.NoJtaPlatform]
2023-01-24 10:16:23.228  INFO 1268 --- [restartedMain] j.LocalContainerEntityManagerFactoryBean : Initialized JPA EntityManagerFactory for persistence unit 'default'
2023-01-24 10:16:24.581  WARN 1268 --- [restartedMain] JpaBaseConfiguration$JpaWebConfiguration : spring.jpa.open-in-view is enabled by default. Therefore, database queries may be performed during view rendering. Explicitly configure spring.jpa.open-in-view to disable this warning
2023-01-24 10:16:27.468  INFO 1268 --- [restartedMain] o.s.b.d.a.OptionalLiveReloadServer       : LiveReload server is running on port 35729
2023-01-24 10:16:27.546  INFO 1268 --- [restartedMain] o.s.b.w.embedded.tomcat.TomcatWebServer  : Tomcat started on port(s): 8080 (http) with context path ''
2023-01-24 10:16:27.574  INFO 1268 --- [restartedMain] c.allstate.payments.PaymentsApplication  : Started PaymentsApplication in 15.269 seconds (JVM running for 17.518)
2023-01-24 10:25:17.732  INFO 1268 --- [SpringApplicationShutdownHook] j.LocalContainerEntityManagerFactoryBean : Closing JPA EntityManagerFactory for persistence unit 'default'
2023-01-24 10:25:17.745  INFO 1268 --- [SpringApplicationShutdownHook] com.zaxxer.hikari.HikariDataSource       : HikariPool-1 - Shutdown initiated...
2023-01-24 10:25:17.825  INFO 1268 --- [SpringApplicationShutdownHook] com.zaxxer.hikari.HikariDataSource       : HikariPool-1 - Shutdown completed.
2023-01-24 11:03:21.530  INFO 1796 --- [restartedMain] c.allstate.payments.PaymentsApplication  : Starting PaymentsApplication using Java 11.0.8 on EC2AMAZ-8RI616P with PID 1796 (C:\workspace\payments\target\classes started by Administrator in C:\workspace\payments)
2023-01-24 11:03:21.533  INFO 1796 --- [restartedMain] c.allstate.payments.PaymentsApplication  : No active profile set, falling back to 1 default profile: "default"
2023-01-24 11:03:21.838  INFO 1796 --- [restartedMain] .e.DevToolsPropertyDefaultsPostProcessor : Devtools property defaults active! Set 'spring.devtools.add-properties' to 'false' to disable
2023-01-24 11:03:21.913  INFO 1796 --- [restartedMain] .e.DevToolsPropertyDefaultsPostProcessor : For additional web related logging consider setting the 'logging.level.web' property to 'DEBUG'
2023-01-24 11:03:23.991  INFO 1796 --- [restartedMain] .s.d.r.c.RepositoryConfigurationDelegate : Bootstrapping Spring Data JPA repositories in DEFAULT mode.
2023-01-24 11:03:24.150  INFO 1796 --- [restartedMain] .s.d.r.c.RepositoryConfigurationDelegate : Finished Spring Data repository scanning in 131 ms. Found 2 JPA repository interfaces.
2023-01-24 11:03:26.105  INFO 1796 --- [restartedMain] o.s.b.w.embedded.tomcat.TomcatWebServer  : Tomcat initialized with port(s): 8080 (http)
2023-01-24 11:03:26.129  INFO 1796 --- [restartedMain] o.apache.catalina.core.StandardService   : Starting service [Tomcat]
2023-01-24 11:03:26.131  INFO 1796 --- [restartedMain] org.apache.catalina.core.StandardEngine  : Starting Servlet engine: [Apache Tomcat/9.0.70]
2023-01-24 11:03:26.389  INFO 1796 --- [restartedMain] o.a.c.c.C.[Tomcat].[localhost].[/]       : Initializing Spring embedded WebApplicationContext
2023-01-24 11:03:26.392  INFO 1796 --- [restartedMain] w.s.c.ServletWebServerApplicationContext : Root WebApplicationContext: initialization completed in 4467 ms
2023-01-24 11:03:26.894  INFO 1796 --- [restartedMain] o.hibernate.jpa.internal.util.LogHelper  : HHH000204: Processing PersistenceUnitInfo [name: default]
2023-01-24 11:03:26.982  INFO 1796 --- [restartedMain] org.hibernate.Version                    : HHH000412: Hibernate ORM core version 5.6.14.Final
2023-01-24 11:03:27.321  INFO 1796 --- [restartedMain] o.hibernate.annotations.common.Version   : HCANN000001: Hibernate Commons Annotations {5.1.2.Final}
2023-01-24 11:03:27.500  INFO 1796 --- [restartedMain] com.zaxxer.hikari.HikariDataSource       : HikariPool-1 - Starting...
2023-01-24 11:03:28.201  INFO 1796 --- [restartedMain] com.zaxxer.hikari.HikariDataSource       : HikariPool-1 - Start completed.
2023-01-24 11:03:28.263  INFO 1796 --- [restartedMain] org.hibernate.dialect.Dialect            : HHH000400: Using dialect: org.hibernate.dialect.MySQL8Dialect
2023-01-24 11:03:30.118  INFO 1796 --- [restartedMain] o.h.e.t.j.p.i.JtaPlatformInitiator       : HHH000490: Using JtaPlatform implementation: [org.hibernate.engine.transaction.jta.platform.internal.NoJtaPlatform]
2023-01-24 11:03:30.137  INFO 1796 --- [restartedMain] j.LocalContainerEntityManagerFactoryBean : Initialized JPA EntityManagerFactory for persistence unit 'default'
2023-01-24 11:03:32.031  WARN 1796 --- [restartedMain] JpaBaseConfiguration$JpaWebConfiguration : spring.jpa.open-in-view is enabled by default. Therefore, database queries may be performed during view rendering. Explicitly configure spring.jpa.open-in-view to disable this warning
2023-01-24 11:03:34.776  WARN 1796 --- [restartedMain] .s.s.UserDetailsServiceAutoConfiguration : 

Using generated security password: e16707ec-37d2-4f0d-8969-f2f6cddc9460

This generated password is for development use only. Your security configuration must be updated before running your application in production.

2023-01-24 11:03:35.052  INFO 1796 --- [restartedMain] o.s.s.web.DefaultSecurityFilterChain     : Will secure any request with [org.springframework.security.web.session.DisableEncodeUrlFilter@59808e00, org.springframework.security.web.context.request.async.WebAsyncManagerIntegrationFilter@cc5c546, org.springframework.security.web.context.SecurityContextPersistenceFilter@1e88c364, org.springframework.security.web.header.HeaderWriterFilter@7e5c5fac, org.springframework.security.web.csrf.CsrfFilter@7213fc25, org.springframework.security.web.authentication.logout.LogoutFilter@77674e7f, org.springframework.security.web.authentication.UsernamePasswordAuthenticationFilter@50b48969, org.springframework.security.web.authentication.ui.DefaultLoginPageGeneratingFilter@3195c3b4, org.springframework.security.web.authentication.ui.DefaultLogoutPageGeneratingFilter@31c16eef, org.springframework.security.web.authentication.www.BasicAuthenticationFilter@7e1570b6, org.springframework.security.web.savedrequest.RequestCacheAwareFilter@4c504590, org.springframework.security.web.servletapi.SecurityContextHolderAwareRequestFilter@e711c2d, org.springframework.security.web.authentication.AnonymousAuthenticationFilter@736eab07, org.springframework.security.web.session.SessionManagementFilter@1fcfeda3, org.springframework.security.web.access.ExceptionTranslationFilter@2ec1e301, org.springframework.security.web.access.intercept.FilterSecurityInterceptor@486357fd]
2023-01-24 11:03:35.164  INFO 1796 --- [restartedMain] o.s.b.d.a.OptionalLiveReloadServer       : LiveReload server is running on port 35729
2023-01-24 11:03:35.241  INFO 1796 --- [restartedMain] o.s.b.w.embedded.tomcat.TomcatWebServer  : Tomcat started on port(s): 8080 (http) with context path ''
2023-01-24 11:03:35.288  INFO 1796 --- [restartedMain] c.allstate.payments.PaymentsApplication  : Started PaymentsApplication in 15.008 seconds (JVM running for 16.892)
